<?xml version="1.0" encoding="UTF-8"?>
<!-- Generated by org.testng.reporters.JUnitXMLReporter -->
<testsuite ignored="0" hostname="LAPTOP-NOSB3F9B" failures="0" tests="1" name="Test" time="2.943" errors="0" timestamp="20 Jun 2022 11:12:25 GMT">
  <testcase classname="com.base.baseTest" name="@BeforeMethod setUp" time="2.899">
    <failure type="java.lang.NullPointerException">
      <![CDATA[java.lang.NullPointerException
at com.base.baseTest.setUp(baseTest.java:14)
... Removed 32 stack frames]]>
    </failure>
  </testcase> <!-- @BeforeMethod setUp -->
  <testcase classname="com.base.baseTest" name="@AfterMethod tearDown" time="0.0">
    <skipped/>
  </testcase> <!-- @AfterMethod tearDown -->
  <testcase classname="com.testcases.homePages" name="verifyOnClickOnJoinMeetingUserRedirectsToJoinMeetingPage" time="0.0">
    <skipped/>
  </testcase> <!-- verifyOnClickOnJoinMeetingUserRedirectsToJoinMeetingPage -->
</testsuite> <!-- Test -->
